<?xml version="1.0" encoding="UTF-8"?>
<robot generator="Robot 4.0.3 (Python 3.8.2 on linux)" generated="20211103 17:00:32.944" rpa="false" schemaversion="2">
<suite id="s1" name="Cadastro" source="/home/operador/lucas/testes/python_tests/Tests/Arktus/FunctionalTestSuite/Cadastro.robot">
<test id="s1-t1" name="caso de teste 01: Cadastro de Usuario">
<kw name="Ir para a página de cadastro" library="CadastroResources" type="SETUP">
<doc>Abre uma página do chrome na página de cadastro</doc>
<kw name="Abrir navegador chrome" library="CommonFuncionality">
<doc>Abre uma página do chrome na página de login</doc>
<kw name="Open Browser" library="SeleniumLibrary">
<arg>${URL}</arg>
<arg>${CHROME}</arg>
<doc>Opens a new browser instance to the optional ``url``.</doc>
<msg timestamp="20211103 17:00:33.746" level="INFO">Opening browser 'Chrome' to base url 'https://next.arktus.com.br'.</msg>
<status status="PASS" starttime="20211103 17:00:33.744" endtime="20211103 17:00:35.640"/>
</kw>
<kw name="Sleep" library="BuiltIn">
<arg>1s</arg>
<doc>Pauses the test executed for the given time.</doc>
<msg timestamp="20211103 17:00:36.644" level="INFO">Slept 1 second</msg>
<status status="PASS" starttime="20211103 17:00:35.642" endtime="20211103 17:00:36.646"/>
</kw>
<status status="PASS" starttime="20211103 17:00:33.742" endtime="20211103 17:00:36.650"/>
</kw>
<kw name="Go To" library="SeleniumLibrary">
<arg>${CADASTRO URL}</arg>
<doc>Navigates the current browser window to the provided ``url``.</doc>
<msg timestamp="20211103 17:00:36.658" level="INFO">Opening url 'https://next.arktus.com.br/cliente/cadastro'</msg>
<status status="PASS" starttime="20211103 17:00:36.654" endtime="20211103 17:00:36.858"/>
</kw>
<kw name="Sleep" library="BuiltIn">
<arg>3s</arg>
<doc>Pauses the test executed for the given time.</doc>
<msg timestamp="20211103 17:00:39.859" level="INFO">Slept 3 seconds</msg>
<status status="PASS" starttime="20211103 17:00:36.858" endtime="20211103 17:00:39.860"/>
</kw>
<kw name="Pagina de cadastro deve estar aberta" library="CadastroResources">
<doc>Verifica o título da página de cadastro</doc>
<kw name="Title Should Be" library="SeleniumLibrary">
<arg>Arktus | Cadastro de Cliente</arg>
<doc>Verifies that the current page title equals ``title``.</doc>
<msg timestamp="20211103 17:00:39.867" level="INFO">Page title is 'Arktus | Cadastro de Cliente'.</msg>
<status status="PASS" starttime="20211103 17:00:39.862" endtime="20211103 17:00:39.867"/>
</kw>
<status status="PASS" starttime="20211103 17:00:39.861" endtime="20211103 17:00:39.868"/>
</kw>
<status status="PASS" starttime="20211103 17:00:33.739" endtime="20211103 17:00:39.868"/>
</kw>
<kw name="Cadastrar usuario" library="CadastroResources">
<doc>Faz o preenchimento do formulário com dados válidos</doc>
<kw name="Fake Email" library="Faker">
<var>${FAKE EMAIL}</var>
<kw name="Get Email" library="Generator">
<var>${EMAIL FAKE}</var>
<msg timestamp="20211103 17:00:40.641" level="INFO">${EMAIL FAKE} = isabellarenatadarocha__isabellarenatadarocha@digitalsj.com.br</msg>
<status status="PASS" starttime="20211103 17:00:39.871" endtime="20211103 17:00:40.642"/>
</kw>
<msg timestamp="20211103 17:00:40.644" level="INFO">${FAKE EMAIL} = isabellarenatadarocha__isabellarenatadarocha@digitalsj.com.br</msg>
<status status="PASS" starttime="20211103 17:00:39.870" endtime="20211103 17:00:40.644"/>
</kw>
<kw name="Fake Nome" library="Faker">
<var>${FAKE RESPONSAVEL}</var>
<kw name="Get Nome" library="Generator">
<var>${NOME FAKE}</var>
<msg timestamp="20211103 17:00:41.407" level="INFO">${NOME FAKE} = Isabela Renata Rodrigues</msg>
<status status="PASS" starttime="20211103 17:00:40.648" endtime="20211103 17:00:41.408"/>
</kw>
<msg timestamp="20211103 17:00:41.414" level="INFO">${FAKE RESPONSAVEL} = Isabela Renata Rodrigues</msg>
<status status="PASS" starttime="20211103 17:00:40.645" endtime="20211103 17:00:41.414"/>
</kw>
<kw name="Fake DDD" library="Faker">
<var>${FAKE DDD}</var>
<kw name="Get Ddd" library="Generator">
<var>${DDD FAKE}</var>
<msg timestamp="20211103 17:00:42.256" level="INFO">${DDD FAKE} = 81</msg>
<status status="PASS" starttime="20211103 17:00:41.421" endtime="20211103 17:00:42.257"/>
</kw>
<msg timestamp="20211103 17:00:42.258" level="INFO">${FAKE DDD} = 81</msg>
<status status="PASS" starttime="20211103 17:00:41.417" endtime="20211103 17:00:42.258"/>
</kw>
<kw name="Fake Telefone" library="Faker">
<var>${FAKE TELEFONE}</var>
<kw name="Get Telefone" library="Generator">
<var>${TELEFONE FAKE}</var>
<msg timestamp="20211103 17:00:43.013" level="INFO">${TELEFONE FAKE} = 2983260315</msg>
<status status="PASS" starttime="20211103 17:00:42.260" endtime="20211103 17:00:43.014"/>
</kw>
<msg timestamp="20211103 17:00:43.015" level="INFO">${FAKE TELEFONE} = 2983260315</msg>
<status status="PASS" starttime="20211103 17:00:42.259" endtime="20211103 17:00:43.015"/>
</kw>
<kw name="Fake Password" library="Faker">
<var>${FAKE SENHA}</var>
<kw name="Get Password" library="Generator">
<var>${SENHA FAKE}</var>
<msg timestamp="20211103 17:00:43.769" level="INFO">${SENHA FAKE} = j3XjAjmy60</msg>
<status status="PASS" starttime="20211103 17:00:43.017" endtime="20211103 17:00:43.769"/>
</kw>
<msg timestamp="20211103 17:00:43.770" level="INFO">${FAKE SENHA} = j3XjAjmy60</msg>
<status status="PASS" starttime="20211103 17:00:43.015" endtime="20211103 17:00:43.770"/>
</kw>
<kw name="Fake CNPJ" library="Faker">
<var>${FAKE CNPJ}</var>
<kw name="Get Cnpj" library="Generator">
<var>${CNPJ FAKE}</var>
<msg timestamp="20211103 17:00:44.522" level="INFO">${CNPJ FAKE} = 56433729000106</msg>
<status status="PASS" starttime="20211103 17:00:43.772" endtime="20211103 17:00:44.522"/>
</kw>
<msg timestamp="20211103 17:00:44.523" level="INFO">${FAKE CNPJ} = 56433729000106</msg>
<status status="PASS" starttime="20211103 17:00:43.771" endtime="20211103 17:00:44.524"/>
</kw>
<kw name="Fake IE" library="Faker">
<var>${FAKE IE}</var>
<kw name="Get Ie" library="Generator">
<var>${IE FAKE}</var>
<msg timestamp="20211103 17:00:45.257" level="INFO">${IE FAKE} = 418.35327-96</msg>
<status status="PASS" starttime="20211103 17:00:44.525" endtime="20211103 17:00:45.258"/>
</kw>
<msg timestamp="20211103 17:00:45.259" level="INFO">${FAKE IE} = 418.35327-96</msg>
<status status="PASS" starttime="20211103 17:00:44.524" endtime="20211103 17:00:45.259"/>
</kw>
<kw name="Press Keys" library="SeleniumLibrary">
<arg>name=${CAMPO EMAIL}</arg>
<arg>${FAKE EMAIL}</arg>
<doc>Simulates the user pressing key(s) to an element or on the active browser.</doc>
<msg timestamp="20211103 17:00:45.261" level="INFO">Sending key(s) ('isabellarenatadarocha__isabellarenatadarocha@digitalsj.com.br',) to name=account.id element.</msg>
<msg timestamp="20211103 17:00:45.543" level="INFO">Sending keys isabellarenatadarocha__isabellarenatadarocha@digitalsj.com.br</msg>
<status status="PASS" starttime="20211103 17:00:45.259" endtime="20211103 17:00:45.685"/>
</kw>
<kw name="Input Password" library="SeleniumLibrary">
<arg>name=${CAMPO SENHA}</arg>
<arg>${FAKE SENHA}</arg>
<doc>Types the given password into the text field identified by ``locator``.</doc>
<msg timestamp="20211103 17:00:45.688" level="INFO">Typing password into text field 'name=account.password'.</msg>
<msg timestamp="20211103 17:00:45.719" level="INFO">Temporally setting log level to: NONE</msg>
<msg timestamp="20211103 17:00:45.759" level="INFO">Log level changed from NONE to INFO.</msg>
<status status="PASS" starttime="20211103 17:00:45.686" endtime="20211103 17:00:45.760"/>
</kw>
<kw name="Press Keys" library="SeleniumLibrary">
<arg>name=${CAMPO DDD}</arg>
<arg>${FAKE DDD}</arg>
<doc>Simulates the user pressing key(s) to an element or on the active browser.</doc>
<msg timestamp="20211103 17:00:45.762" level="INFO">Sending key(s) ('81',) to name=telephones.main.ddd element.</msg>
<msg timestamp="20211103 17:00:46.065" level="INFO">Sending keys 81</msg>
<status status="PASS" starttime="20211103 17:00:45.761" endtime="20211103 17:00:46.101"/>
</kw>
<kw name="Press Keys" library="SeleniumLibrary">
<arg>name=${CAMPO TELEFONE}</arg>
<arg>${FAKE TELEFONE}</arg>
<doc>Simulates the user pressing key(s) to an element or on the active browser.</doc>
<msg timestamp="20211103 17:00:46.109" level="INFO">Sending key(s) ('2983260315',) to name=telephones.main.telefone element.</msg>
<msg timestamp="20211103 17:00:46.421" level="INFO">Sending keys 2983260315</msg>
<status status="PASS" starttime="20211103 17:00:46.103" endtime="20211103 17:00:46.466"/>
</kw>
<kw name="Click Element" library="SeleniumLibrary">
<arg>xpath=${SELECT INFO TRIBUTARIA}</arg>
<doc>Click the element identified by ``locator``.</doc>
<msg timestamp="20211103 17:00:46.468" level="INFO">Clicking element 'xpath=//*[@id="mui-component-select-type.pj.indicatorIERecipient"]'.</msg>
<status status="PASS" starttime="20211103 17:00:46.467" endtime="20211103 17:00:46.515"/>
</kw>
<kw name="Click Element" library="SeleniumLibrary">
<arg>xpath=${CONTRIBUINTE ICMS}</arg>
<doc>Click the element identified by ``locator``.</doc>
<msg timestamp="20211103 17:00:46.517" level="INFO">Clicking element 'xpath=//*[@id="menu-type.pj.indicatorIERecipient"]/div[3]/ul/li[1]'.</msg>
<status status="PASS" starttime="20211103 17:00:46.515" endtime="20211103 17:00:46.573"/>
</kw>
<kw name="Press Keys" library="SeleniumLibrary">
<arg>name=${CAMPO RESPONSAVEL}</arg>
<arg>${FAKE RESPONSAVEL}</arg>
<doc>Simulates the user pressing key(s) to an element or on the active browser.</doc>
<msg timestamp="20211103 17:00:46.576" level="INFO">Sending key(s) ('Isabela Renata Rodrigues',) to name=type.pj.responsibleName element.</msg>
<msg timestamp="20211103 17:00:46.871" level="INFO">Sending keys Isabela Renata Rodrigues</msg>
<status status="PASS" starttime="20211103 17:00:46.574" endtime="20211103 17:00:46.952"/>
</kw>
<kw name="Press Keys" library="SeleniumLibrary">
<arg>name=${CAMPO RAZAO SOCIAL}</arg>
<arg>${FAKE RESPONSAVEL} LTDA.</arg>
<doc>Simulates the user pressing key(s) to an element or on the active browser.</doc>
<msg timestamp="20211103 17:00:46.955" level="INFO">Sending key(s) ('Isabela Renata Rodrigues LTDA.',) to name=type.pj.corporateName element.</msg>
<msg timestamp="20211103 17:00:47.240" level="INFO">Sending keys Isabela Renata Rodrigues LTDA.</msg>
<status status="PASS" starttime="20211103 17:00:46.953" endtime="20211103 17:00:47.332"/>
</kw>
<kw name="Press Keys" library="SeleniumLibrary">
<arg>name=${CAMPO CNPJ}</arg>
<arg>${FAKE CNPJ}</arg>
<doc>Simulates the user pressing key(s) to an element or on the active browser.</doc>
<msg timestamp="20211103 17:00:47.335" level="INFO">Sending key(s) ('56433729000106',) to name=type.pj.cnpj element.</msg>
<msg timestamp="20211103 17:00:47.665" level="INFO">Sending keys 56433729000106</msg>
<status status="PASS" starttime="20211103 17:00:47.333" endtime="20211103 17:00:47.907"/>
</kw>
<kw name="Input Text" library="SeleniumLibrary">
<arg>name=${CAMPO INSCRICAO ESTADUAL}</arg>
<arg>${FAKE IE}</arg>
<doc>Types the given ``text`` into the text field identified by ``locator``.</doc>
<msg timestamp="20211103 17:00:47.909" level="INFO">Typing text '418.35327-96' into text field 'name=type.pj.stateInscription'.</msg>
<status status="PASS" starttime="20211103 17:00:47.907" endtime="20211103 17:00:47.980"/>
</kw>
<kw name="Click Element" library="SeleniumLibrary">
<arg>xpath=${BOTAO FECHAR COOKIE}</arg>
<doc>Click the element identified by ``locator``.</doc>
<msg timestamp="20211103 17:00:47.982" level="INFO">Clicking element 'xpath=//*[@id="__next"]/main/div/div/div/div/div/div[2]/div/button[2]'.</msg>
<status status="PASS" starttime="20211103 17:00:47.981" endtime="20211103 17:00:48.026"/>
</kw>
<kw name="Choose File" library="SeleniumLibrary">
<arg>name=${FILE RECEITA PJ}</arg>
<arg>${FILE}</arg>
<doc>Inputs the ``file_path`` into the file input field ``locator``.</doc>
<msg timestamp="20211103 17:00:48.028" level="INFO">Sending /home/operador/PycharmProjects/python_test/Resources/Arktus/Documentos/doc_test_sintegra.pdf to browser.</msg>
<status status="PASS" starttime="20211103 17:00:48.026" endtime="20211103 17:00:48.059"/>
</kw>
<kw name="Choose File" library="SeleniumLibrary">
<arg>name=${FILE CONTRATO SOCIAL}</arg>
<arg>${FILE}</arg>
<doc>Inputs the ``file_path`` into the file input field ``locator``.</doc>
<msg timestamp="20211103 17:00:48.061" level="INFO">Sending /home/operador/PycharmProjects/python_test/Resources/Arktus/Documentos/doc_test_sintegra.pdf to browser.</msg>
<status status="PASS" starttime="20211103 17:00:48.060" endtime="20211103 17:00:48.098"/>
</kw>
<kw name="Choose File" library="SeleniumLibrary">
<arg>name=${FILE DOC PESSOAIS}</arg>
<arg>${FILE}</arg>
<doc>Inputs the ``file_path`` into the file input field ``locator``.</doc>
<msg timestamp="20211103 17:00:48.100" level="INFO">Sending /home/operador/PycharmProjects/python_test/Resources/Arktus/Documentos/doc_test_sintegra.pdf to browser.</msg>
<status status="PASS" starttime="20211103 17:00:48.098" endtime="20211103 17:00:48.140"/>
</kw>
<kw name="Click Element" library="SeleniumLibrary">
<arg>name=${BOTAO CADASTRAR}</arg>
<doc>Click the element identified by ``locator``.</doc>
<msg timestamp="20211103 17:00:48.143" level="INFO">Clicking element 'name=Cadastrar'.</msg>
<status status="PASS" starttime="20211103 17:00:48.141" endtime="20211103 17:00:48.255"/>
</kw>
<kw name="Sleep" library="BuiltIn">
<arg>3s</arg>
<doc>Pauses the test executed for the given time.</doc>
<msg timestamp="20211103 17:00:51.256" level="INFO">Slept 3 seconds</msg>
<status status="PASS" starttime="20211103 17:00:48.255" endtime="20211103 17:00:51.257"/>
</kw>
<status status="PASS" starttime="20211103 17:00:39.869" endtime="20211103 17:00:51.257"/>
</kw>
<doc>Fazer um cadastro de usuário</doc>
<tag>Cadastro</tag>
<status status="PASS" starttime="20211103 17:00:33.731" endtime="20211103 17:00:51.258"/>
</test>
<test id="s1-t2" name="caso de teste 02: Cadastro de Usuario Sem documentos">
<kw name="Ir para a página de cadastro" library="CadastroResources" type="SETUP">
<doc>Abre uma página do chrome na página de cadastro</doc>
<kw name="Abrir navegador chrome" library="CommonFuncionality">
<doc>Abre uma página do chrome na página de login</doc>
<kw name="Open Browser" library="SeleniumLibrary">
<arg>${URL}</arg>
<arg>${CHROME}</arg>
<doc>Opens a new browser instance to the optional ``url``.</doc>
<msg timestamp="20211103 17:00:51.267" level="INFO">Opening browser 'Chrome' to base url 'https://next.arktus.com.br'.</msg>
<status status="PASS" starttime="20211103 17:00:51.266" endtime="20211103 17:00:53.003"/>
</kw>
<kw name="Sleep" library="BuiltIn">
<arg>1s</arg>
<doc>Pauses the test executed for the given time.</doc>
<msg timestamp="20211103 17:00:54.006" level="INFO">Slept 1 second</msg>
<status status="PASS" starttime="20211103 17:00:53.004" endtime="20211103 17:00:54.007"/>
</kw>
<status status="PASS" starttime="20211103 17:00:51.265" endtime="20211103 17:00:54.010"/>
</kw>
<kw name="Go To" library="SeleniumLibrary">
<arg>${CADASTRO URL}</arg>
<doc>Navigates the current browser window to the provided ``url``.</doc>
<msg timestamp="20211103 17:00:54.012" level="INFO">Opening url 'https://next.arktus.com.br/cliente/cadastro'</msg>
<status status="PASS" starttime="20211103 17:00:54.011" endtime="20211103 17:00:54.198"/>
</kw>
<kw name="Sleep" library="BuiltIn">
<arg>3s</arg>
<doc>Pauses the test executed for the given time.</doc>
<msg timestamp="20211103 17:00:57.201" level="INFO">Slept 3 seconds</msg>
<status status="PASS" starttime="20211103 17:00:54.199" endtime="20211103 17:00:57.202"/>
</kw>
<kw name="Pagina de cadastro deve estar aberta" library="CadastroResources">
<doc>Verifica o título da página de cadastro</doc>
<kw name="Title Should Be" library="SeleniumLibrary">
<arg>Arktus | Cadastro de Cliente</arg>
<doc>Verifies that the current page title equals ``title``.</doc>
<msg timestamp="20211103 17:00:57.231" level="INFO">Page title is 'Arktus | Cadastro de Cliente'.</msg>
<status status="PASS" starttime="20211103 17:00:57.210" endtime="20211103 17:00:57.232"/>
</kw>
<status status="PASS" starttime="20211103 17:00:57.205" endtime="20211103 17:00:57.235"/>
</kw>
<status status="PASS" starttime="20211103 17:00:51.263" endtime="20211103 17:00:57.238"/>
</kw>
<kw name="Cadastrar usuario sem informar documentos" library="CadastroResources">
<doc>Faz o preenchimento do formulário com dados válidos, informando somente um documento</doc>
<kw name="Fake Email" library="Faker">
<var>${FAKE EMAIL}</var>
<kw name="Get Email" library="Generator">
<var>${EMAIL FAKE}</var>
<msg timestamp="20211103 17:00:58.035" level="INFO">${EMAIL FAKE} = yasminteresinhalima__yasminteresinhalima@uniube.br</msg>
<status status="PASS" starttime="20211103 17:00:57.250" endtime="20211103 17:00:58.036"/>
</kw>
<msg timestamp="20211103 17:00:58.038" level="INFO">${FAKE EMAIL} = yasminteresinhalima__yasminteresinhalima@uniube.br</msg>
<status status="PASS" starttime="20211103 17:00:57.246" endtime="20211103 17:00:58.039"/>
</kw>
<kw name="Fake IE" library="Faker">
<var>${FAKE IE}</var>
<kw name="Get Ie" library="Generator">
<var>${IE FAKE}</var>
<msg timestamp="20211103 17:00:58.805" level="INFO">${IE FAKE} = 035.13763-76</msg>
<status status="PASS" starttime="20211103 17:00:58.047" endtime="20211103 17:00:58.806"/>
</kw>
<msg timestamp="20211103 17:00:58.811" level="INFO">${FAKE IE} = 035.13763-76</msg>
<status status="PASS" starttime="20211103 17:00:58.040" endtime="20211103 17:00:58.812"/>
</kw>
<kw name="Fake CNPJ" library="Faker">
<var>${FAKE CNPJ}</var>
<kw name="Get Cnpj" library="Generator">
<var>${CNPJ FAKE}</var>
<msg timestamp="20211103 17:00:59.557" level="INFO">${CNPJ FAKE} = 78992855000133</msg>
<status status="PASS" starttime="20211103 17:00:58.820" endtime="20211103 17:00:59.558"/>
</kw>
<msg timestamp="20211103 17:00:59.560" level="INFO">${FAKE CNPJ} = 78992855000133</msg>
<status status="PASS" starttime="20211103 17:00:58.814" endtime="20211103 17:00:59.561"/>
</kw>
<kw name="Press Keys" library="SeleniumLibrary">
<arg>name=${CAMPO EMAIL}</arg>
<arg>${FAKE EMAIL}</arg>
<doc>Simulates the user pressing key(s) to an element or on the active browser.</doc>
<msg timestamp="20211103 17:00:59.565" level="INFO">Sending key(s) ('yasminteresinhalima__yasminteresinhalima@uniube.br',) to name=account.id element.</msg>
<msg timestamp="20211103 17:00:59.858" level="INFO">Sending keys yasminteresinhalima__yasminteresinhalima@uniube.br</msg>
<status status="PASS" starttime="20211103 17:00:59.562" endtime="20211103 17:00:59.983"/>
</kw>
<kw name="Input Password" library="SeleniumLibrary">
<arg>name=${CAMPO SENHA}</arg>
<arg>${SENHA}</arg>
<doc>Types the given password into the text field identified by ``locator``.</doc>
<msg timestamp="20211103 17:00:59.986" level="INFO">Typing password into text field 'name=account.password'.</msg>
<msg timestamp="20211103 17:01:00.021" level="INFO">Temporally setting log level to: NONE</msg>
<msg timestamp="20211103 17:01:00.062" level="INFO">Log level changed from NONE to INFO.</msg>
<status status="PASS" starttime="20211103 17:00:59.984" endtime="20211103 17:01:00.063"/>
</kw>
<kw name="Press Keys" library="SeleniumLibrary">
<arg>name=${CAMPO DDD}</arg>
<arg>${DDD}</arg>
<doc>Simulates the user pressing key(s) to an element or on the active browser.</doc>
<msg timestamp="20211103 17:01:00.065" level="INFO">Sending key(s) ('45',) to name=telephones.main.ddd element.</msg>
<msg timestamp="20211103 17:01:00.373" level="INFO">Sending keys 45</msg>
<status status="PASS" starttime="20211103 17:01:00.064" endtime="20211103 17:01:00.408"/>
</kw>
<kw name="Press Keys" library="SeleniumLibrary">
<arg>name=${CAMPO TELEFONE}</arg>
<arg>${TELEFONE}</arg>
<doc>Simulates the user pressing key(s) to an element or on the active browser.</doc>
<msg timestamp="20211103 17:01:00.412" level="INFO">Sending key(s) ('998281323',) to name=telephones.main.telefone element.</msg>
<msg timestamp="20211103 17:01:00.700" level="INFO">Sending keys 998281323</msg>
<status status="PASS" starttime="20211103 17:01:00.409" endtime="20211103 17:01:00.737"/>
</kw>
<kw name="Click Element" library="SeleniumLibrary">
<arg>xpath=${SELECT INFO TRIBUTARIA}</arg>
<doc>Click the element identified by ``locator``.</doc>
<msg timestamp="20211103 17:01:00.741" level="INFO">Clicking element 'xpath=//*[@id="mui-component-select-type.pj.indicatorIERecipient"]'.</msg>
<status status="PASS" starttime="20211103 17:01:00.738" endtime="20211103 17:01:00.807"/>
</kw>
<kw name="Click Element" library="SeleniumLibrary">
<arg>xpath=${CONTRIBUINTE ICMS}</arg>
<doc>Click the element identified by ``locator``.</doc>
<msg timestamp="20211103 17:01:00.809" level="INFO">Clicking element 'xpath=//*[@id="menu-type.pj.indicatorIERecipient"]/div[3]/ul/li[1]'.</msg>
<status status="PASS" starttime="20211103 17:01:00.807" endtime="20211103 17:01:00.869"/>
</kw>
<kw name="Press Keys" library="SeleniumLibrary">
<arg>name=${CAMPO RESPONSAVEL}</arg>
<arg>${RESPONSAVEL}</arg>
<doc>Simulates the user pressing key(s) to an element or on the active browser.</doc>
<msg timestamp="20211103 17:01:00.872" level="INFO">Sending key(s) ('teste robot',) to name=type.pj.responsibleName element.</msg>
<msg timestamp="20211103 17:01:01.175" level="INFO">Sending keys teste robot</msg>
<status status="PASS" starttime="20211103 17:01:00.869" endtime="20211103 17:01:01.230"/>
</kw>
<kw name="Press Keys" library="SeleniumLibrary">
<arg>name=${CAMPO RAZAO SOCIAL}</arg>
<arg>${RAZAO SOCIAL}</arg>
<doc>Simulates the user pressing key(s) to an element or on the active browser.</doc>
<msg timestamp="20211103 17:01:01.233" level="INFO">Sending key(s) ('teste razao social',) to name=type.pj.corporateName element.</msg>
<msg timestamp="20211103 17:01:01.535" level="INFO">Sending keys teste razao social</msg>
<status status="PASS" starttime="20211103 17:01:01.231" endtime="20211103 17:01:01.623"/>
</kw>
<kw name="Press Keys" library="SeleniumLibrary">
<arg>name=${CAMPO CNPJ}</arg>
<arg>${FAKE CNPJ}</arg>
<doc>Simulates the user pressing key(s) to an element or on the active browser.</doc>
<msg timestamp="20211103 17:01:01.626" level="INFO">Sending key(s) ('78992855000133',) to name=type.pj.cnpj element.</msg>
<msg timestamp="20211103 17:01:01.966" level="INFO">Sending keys 78992855000133</msg>
<status status="PASS" starttime="20211103 17:01:01.624" endtime="20211103 17:01:02.192"/>
</kw>
<kw name="Input Text" library="SeleniumLibrary">
<arg>name=${CAMPO INSCRICAO ESTADUAL}</arg>
<arg>${FAKE IE}</arg>
<doc>Types the given ``text`` into the text field identified by ``locator``.</doc>
<msg timestamp="20211103 17:01:02.194" level="INFO">Typing text '035.13763-76' into text field 'name=type.pj.stateInscription'.</msg>
<status status="PASS" starttime="20211103 17:01:02.192" endtime="20211103 17:01:02.265"/>
</kw>
<kw name="Click Element" library="SeleniumLibrary">
<arg>xpath=${BOTAO FECHAR COOKIE}</arg>
<doc>Click the element identified by ``locator``.</doc>
<msg timestamp="20211103 17:01:02.267" level="INFO">Clicking element 'xpath=//*[@id="__next"]/main/div/div/div/div/div/div[2]/div/button[2]'.</msg>
<status status="PASS" starttime="20211103 17:01:02.266" endtime="20211103 17:01:02.312"/>
</kw>
<kw name="Click Element" library="SeleniumLibrary">
<arg>name=${BOTAO CADASTRAR}</arg>
<doc>Click the element identified by ``locator``.</doc>
<msg timestamp="20211103 17:01:02.314" level="INFO">Clicking element 'name=Cadastrar'.</msg>
<status status="PASS" starttime="20211103 17:01:02.313" endtime="20211103 17:01:02.412"/>
</kw>
<kw name="Sleep" library="BuiltIn">
<arg>3s</arg>
<doc>Pauses the test executed for the given time.</doc>
<msg timestamp="20211103 17:01:05.414" level="INFO">Slept 3 seconds</msg>
<status status="PASS" starttime="20211103 17:01:02.412" endtime="20211103 17:01:05.415"/>
</kw>
<kw name="Element Should Contain" library="SeleniumLibrary">
<arg>class=${ALERTA}</arg>
<arg>${TEXTO PADRAO ALERTA DE DOCUMENTACAO}</arg>
<doc>Verifies that element ``locator`` contains text ``expected``.</doc>
<msg timestamp="20211103 17:01:05.467" level="INFO">Element 'class=MuiAlert-message' contains text 'Necessário anexar todos os documentos'.</msg>
<status status="PASS" starttime="20211103 17:01:05.419" endtime="20211103 17:01:05.468"/>
</kw>
<status status="PASS" starttime="20211103 17:00:57.241" endtime="20211103 17:01:05.469"/>
</kw>
<doc>Fazer um cadastro de um usuário sem documentos</doc>
<tag>Cadastro</tag>
<status status="PASS" starttime="20211103 17:00:51.260" endtime="20211103 17:01:05.471"/>
</test>
<kw name="Close All Browsers" library="SeleniumLibrary" type="TEARDOWN">
<doc>Closes all open browsers and resets the browser cache.</doc>
<status status="PASS" starttime="20211103 17:01:05.477" endtime="20211103 17:01:05.635"/>
</kw>
<doc>Teste de diferentes casos de cadastro equivocados</doc>
<status status="PASS" starttime="20211103 17:00:32.948" endtime="20211103 17:01:05.635"/>
</suite>
<statistics>
<total>
<stat pass="2" fail="0" skip="0">All Tests</stat>
</total>
<tag>
<stat pass="2" fail="0" skip="0">Cadastro</stat>
</tag>
<suite>
<stat pass="2" fail="0" skip="0" id="s1" name="Cadastro">Cadastro</stat>
</suite>
</statistics>
<errors>
</errors>
</robot>
